<?xml version="1.0" encoding="UTF-8"?>
<!-- Generated by org.testng.reporters.JUnitReportReporter -->
<testsuite hostname="NBLAP105" name="com.db_dataDrivenTest.db_data.DataFromDb" tests="1" failures="0" timestamp="21 Mar 2017 12:54:03 GMT" time="4.275" errors="0">
  <testcase name="dataFromDbTest" time="4.275" classname="com.db_dataDrivenTest.db_data.DataFromDb"/>
</testsuite> <!-- com.db_dataDrivenTest.db_data.DataFromDb -->
