<?xml version="1.0" encoding="UTF-8"?>
<!-- Generated by org.testng.reporters.JUnitReportReporter -->
<testsuite hostname="NBLAP105" name="com.db_dataDrivenTest.db_data.TestCase1" tests="1" failures="0" timestamp="23 Mar 2017 07:01:31 GMT" time="0.687" errors="0">
  <testcase name="testlogin" time="0.687" classname="com.db_dataDrivenTest.db_data.TestCase1"/>
</testsuite> <!-- com.db_dataDrivenTest.db_data.TestCase1 -->
